<?xml version="1.0" encoding="UTF-8"?>
<testng-results ignored="0" total="4" passed="4" failed="0" skipped="0">
  <reporter-output>
  </reporter-output>
  <suite started-at="2024-07-25T18:42:00 EDT" name="Default suite" finished-at="2024-07-25T18:42:06 EDT" duration-ms="5162">
    <groups>
    </groups>
    <test started-at="2024-07-25T18:42:00 EDT" name="Default test" finished-at="2024-07-25T18:42:06 EDT" duration-ms="5162">
      <class name="tests.HomePageTest">
        <test-method is-config="true" signature="testSetUp()[pri:0, instance:tests.HomePageTest@2bd08376]" started-at="2024-07-25T18:42:00 EDT" name="testSetUp" finished-at="2024-07-25T18:42:04 EDT" duration-ms="4048" status="PASS">
          <reporter-output>
          </reporter-output>
        </test-method> <!-- testSetUp -->
        <test-method signature="checkBoxFunction()[pri:0, instance:tests.HomePageTest@2bd08376]" started-at="2024-07-25T18:42:04 EDT" name="checkBoxFunction" finished-at="2024-07-25T18:42:05 EDT" duration-ms="203" status="PASS">
          <reporter-output>
          </reporter-output>
        </test-method> <!-- checkBoxFunction -->
        <test-method signature="selecDate()[pri:0, instance:tests.HomePageTest@2bd08376]" started-at="2024-07-25T18:42:05 EDT" name="selecDate" finished-at="2024-07-25T18:42:05 EDT" duration-ms="162" status="PASS">
          <reporter-output>
          </reporter-output>
        </test-method> <!-- selecDate -->
        <test-method signature="selectListOption()[pri:0, instance:tests.HomePageTest@2bd08376]" started-at="2024-07-25T18:42:05 EDT" name="selectListOption" finished-at="2024-07-25T18:42:05 EDT" duration-ms="128" status="PASS">
          <reporter-output>
          </reporter-output>
        </test-method> <!-- selectListOption -->
        <test-method signature="setUp(java.lang.String,java.lang.String,java.lang.String)[pri:0, instance:tests.HomePageTest@2bd08376]" started-at="2024-07-25T18:42:05 EDT" name="setUp" data-provider="testData" finished-at="2024-07-25T18:42:06 EDT" duration-ms="442" status="PASS">
          <params>
            <param index="0">
              <value>
                <![CDATA[123]]>
              </value>
            </param>
            <param index="1">
              <value>
                <![CDATA[password1]]>
              </value>
            </param>
            <param index="2">
              <value>
                <![CDATA[Entering Form Data]]>
              </value>
            </param>
          </params>
          <reporter-output>
          </reporter-output>
        </test-method> <!-- setUp -->
        <test-method is-config="true" signature="tearDown()[pri:0, instance:tests.HomePageTest@2bd08376]" started-at="2024-07-25T18:42:06 EDT" name="tearDown" finished-at="2024-07-25T18:42:06 EDT" duration-ms="1" status="PASS">
          <reporter-output>
          </reporter-output>
        </test-method> <!-- tearDown -->
      </class> <!-- tests.HomePageTest -->
    </test> <!-- Default test -->
  </suite> <!-- Default suite -->
</testng-results>
